<?xml version="1.0" encoding="UTF-8"?>
<!-- Generated by org.testng.reporters.JUnitXMLReporter -->
<testsuite ignored="2" hostname="LAPTOP-M47N8GUE" failures="0" tests="3" name="Test" time="30.816" errors="0" timestamp="2023-03-04T02:11:55 IST">
  <testcase classname="Pack1.c1" name="t0" time="7.145"/>
  <testcase classname="Pack1.C2" name="t1" time="15.069"/>
  <testcase classname="Pack1.C3" name="t2" time="8.548"/>
  <testcase classname="Pack2.C5" name="t4" time="0.0">
    <ignored/>
  </testcase> <!-- t4 -->
  <testcase classname="Pack2.C4" name="t3" time="0.0">
    <ignored/>
  </testcase> <!-- t3 -->
</testsuite> <!-- Test -->
