<?xml version="1.0" encoding="UTF-8"?>
<testng-results ignored="2" total="5" passed="3" failed="0" skipped="0">
  <reporter-output>
  </reporter-output>
  <suite started-at="2023-03-04T02:11:24 IST" name="Suite" finished-at="2023-03-04T02:11:55 IST" duration-ms="30816">
    <groups>
      <group name="One">
        <method signature="C2.t1()[pri:0, instance:Pack1.C2@7880cdf3]" name="t1" class="Pack1.C2"/>
        <method signature="C3.t2()[pri:0, instance:Pack1.C3@5be6e01c]" name="t2" class="Pack1.C3"/>
        <method signature="c1.t0()[pri:0, instance:Pack1.c1@4b14c583]" name="t0" class="Pack1.c1"/>
      </group> <!-- One -->
    </groups>
    <test started-at="2023-03-04T02:11:24 IST" name="Test" finished-at="2023-03-04T02:11:55 IST" duration-ms="30816">
      <class name="Pack1.C2">
        <test-method signature="t1()[pri:0, instance:Pack1.C2@7880cdf3]" started-at="2023-03-04T02:11:31 IST" name="t1" finished-at="2023-03-04T02:11:46 IST" duration-ms="15069" status="PASS">
          <reporter-output>
          </reporter-output>
        </test-method> <!-- t1 -->
      </class> <!-- Pack1.C2 -->
      <class name="Pack1.c1">
        <test-method signature="t0()[pri:0, instance:Pack1.c1@4b14c583]" started-at="2023-03-04T02:11:24 IST" name="t0" finished-at="2023-03-04T02:11:31 IST" duration-ms="7145" status="PASS">
          <reporter-output>
          </reporter-output>
        </test-method> <!-- t0 -->
      </class> <!-- Pack1.c1 -->
      <class name="Pack1.C3">
        <test-method signature="t2()[pri:0, instance:Pack1.C3@5be6e01c]" started-at="2023-03-04T02:11:46 IST" name="t2" finished-at="2023-03-04T02:11:55 IST" duration-ms="8548" status="PASS">
          <reporter-output>
          </reporter-output>
        </test-method> <!-- t2 -->
      </class> <!-- Pack1.C3 -->
    </test> <!-- Test -->
  </suite> <!-- Suite -->
</testng-results>
